d:\school\school\2019-20\programming 4\week 05\2dae01_engine_beaufays_jarne\x64\release\bubblebobble.ipdb
d:\school\school\2019-20\programming 4\week 05\2dae01_engine_beaufays_jarne\x64\release\bubblebobble.iobj
d:\school\school\2019-20\programming 4\week 05\2dae01_engine_beaufays_jarne\bubblebobble\x64\release\vc142.pdb
d:\school\school\2019-20\programming 4\week 05\2dae01_engine_beaufays_jarne\bubblebobble\x64\release\wall.obj
d:\school\school\2019-20\programming 4\week 05\2dae01_engine_beaufays_jarne\bubblebobble\x64\release\scenetimer.obj
d:\school\school\2019-20\programming 4\week 05\2dae01_engine_beaufays_jarne\bubblebobble\x64\release\player.obj
d:\school\school\2019-20\programming 4\week 05\2dae01_engine_beaufays_jarne\bubblebobble\x64\release\main.obj
d:\school\school\2019-20\programming 4\week 05\2dae01_engine_beaufays_jarne\bubblebobble\x64\release\highscore.obj
d:\school\school\2019-20\programming 4\week 05\2dae01_engine_beaufays_jarne\bubblebobble\x64\release\healthcomponent.obj
d:\school\school\2019-20\programming 4\week 05\2dae01_engine_beaufays_jarne\bubblebobble\x64\release\ground.obj
d:\school\school\2019-20\programming 4\week 05\2dae01_engine_beaufays_jarne\bubblebobble\x64\release\gameinfo.obj
d:\school\school\2019-20\programming 4\week 05\2dae01_engine_beaufays_jarne\bubblebobble\x64\release\game.obj
d:\school\school\2019-20\programming 4\week 05\2dae01_engine_beaufays_jarne\bubblebobble\x64\release\enemymanager.obj
d:\school\school\2019-20\programming 4\week 05\2dae01_engine_beaufays_jarne\bubblebobble\x64\release\enemy.obj
d:\school\school\2019-20\programming 4\week 05\2dae01_engine_beaufays_jarne\bubblebobble\x64\release\bubblebullet.obj
d:\school\school\2019-20\programming 4\week 05\2dae01_engine_beaufays_jarne\bubblebobble\x64\release\box.obj
d:\school\school\2019-20\programming 4\week 05\2dae01_engine_beaufays_jarne\bubblebobble\x64\release\backgroundimage.obj
d:\school\school\2019-20\programming 4\week 05\2dae01_engine_beaufays_jarne\x64\release\bubblebobble.exe
d:\school\school\2019-20\programming 4\week 05\2dae01_engine_beaufays_jarne\x64\release\bubblebobble.pdb
d:\school\school\2019-20\programming 4\week 05\2dae01_engine_beaufays_jarne\bubblebobble\x64\release\bubblebobble.tlog\bubblebobble.write.1u.tlog
d:\school\school\2019-20\programming 4\week 05\2dae01_engine_beaufays_jarne\bubblebobble\x64\release\bubblebobble.tlog\cl.command.1.tlog
d:\school\school\2019-20\programming 4\week 05\2dae01_engine_beaufays_jarne\bubblebobble\x64\release\bubblebobble.tlog\cl.read.1.tlog
d:\school\school\2019-20\programming 4\week 05\2dae01_engine_beaufays_jarne\bubblebobble\x64\release\bubblebobble.tlog\cl.write.1.tlog
d:\school\school\2019-20\programming 4\week 05\2dae01_engine_beaufays_jarne\bubblebobble\x64\release\bubblebobble.tlog\link.command.1.tlog
d:\school\school\2019-20\programming 4\week 05\2dae01_engine_beaufays_jarne\bubblebobble\x64\release\bubblebobble.tlog\link.read.1.tlog
d:\school\school\2019-20\programming 4\week 05\2dae01_engine_beaufays_jarne\bubblebobble\x64\release\bubblebobble.tlog\link.write.1.tlog
