  MiniginPCH.cpp
  Audio.cpp
  AudioService.cpp
  Button.cpp
  Command.cpp
  Font.cpp
  GameObject.cpp
  ImageComponent.cpp
  InputManager.cpp
  Minigin.cpp
  ObjectComponent.cpp
  PhysicsManager.cpp
  Renderer.cpp
  ResourceManager.cpp
  RigidBody2D.cpp
  Scene.cpp
  SceneManager.cpp
  Singleton.cpp
  TextObject.cpp
  Texture2D.cpp
  Time.cpp
  Compiling...
  Transform.cpp
  Minigin.vcxproj -> D:\School\School\2019-20\Programming 4\Week 05\Win32\Release\Minigin.lib
  D:\School\School\2019-20\Programming 4\Week 05\3rdParty\SDL2\lib\x86\SDL2.dll
  1 File(s) copied
  D:\School\School\2019-20\Programming 4\Week 05\3rdParty\SDL2_image\lib\x86\libjpeg-9.dll
  D:\School\School\2019-20\Programming 4\Week 05\3rdParty\SDL2_image\lib\x86\libpng16-16.dll
  D:\School\School\2019-20\Programming 4\Week 05\3rdParty\SDL2_image\lib\x86\libtiff-5.dll
  D:\School\School\2019-20\Programming 4\Week 05\3rdParty\SDL2_image\lib\x86\libwebp-7.dll
  D:\School\School\2019-20\Programming 4\Week 05\3rdParty\SDL2_image\lib\x86\SDL2_image.dll
  D:\School\School\2019-20\Programming 4\Week 05\3rdParty\SDL2_image\lib\x86\zlib1.dll
  6 File(s) copied
  D:\School\School\2019-20\Programming 4\Week 05\3rdParty\SDL2_ttf\lib\x86\libfreetype-6.dll
  D:\School\School\2019-20\Programming 4\Week 05\3rdParty\SDL2_ttf\lib\x86\SDL2_ttf.dll
  2 File(s) copied
