  BackgroundImage.cpp
  Box.cpp
D:\School\School\2019-20\Programming 4\Week 05\BubbleBobble\Box.cpp(43,33): warning C4244: '=': conversion from 'const float' to 'int', possible loss of data
D:\School\School\2019-20\Programming 4\Week 05\BubbleBobble\Box.cpp(44,38): warning C4244: '=': conversion from 'float' to 'int', possible loss of data
D:\School\School\2019-20\Programming 4\Week 05\BubbleBobble\Box.cpp(45,17): warning C4244: '=': conversion from 'const float' to 'int', possible loss of data
  Game.cpp
D:\School\School\2019-20\Programming 4\Week 05\BubbleBobble\Box.cpp(46,17): warning C4244: '=': conversion from 'const float' to 'int', possible loss of data
  main.cpp
  Wall.cpp
D:\School\School\2019-20\Programming 4\Week 05\BubbleBobble\Wall.h(3,10): warning C4067: unexpected tokens following preprocessor directive - expected a newline
D:\School\School\2019-20\Programming 4\Week 05\BubbleBobble\Wall.h(3,10): warning C4067: unexpected tokens following preprocessor directive - expected a newline
D:\School\School\2019-20\Programming 4\Week 05\BubbleBobble\Wall.cpp(43,33): warning C4244: '=': conversion from 'const float' to 'int', possible loss of data
D:\School\School\2019-20\Programming 4\Week 05\BubbleBobble\Wall.cpp(44,38): warning C4244: '=': conversion from 'float' to 'int', possible loss of data
D:\School\School\2019-20\Programming 4\Week 05\BubbleBobble\Wall.cpp(45,17): warning C4244: '=': conversion from 'const float' to 'int', possible loss of data
D:\School\School\2019-20\Programming 4\Week 05\BubbleBobble\Wall.cpp(46,17): warning C4244: '=': conversion from 'const float' to 'int', possible loss of data
  Generating code
  Previous IPDB not found, fall back to full compilation.
  All 605 functions were compiled because no usable IPDB/IOBJ from previous compilation was found.
  Finished generating code
  BubbleBobble.vcxproj -> D:\School\School\2019-20\Programming 4\Week 05\Release\BubbleBobble.exe
