d:\school\school\2019-20\programming 4\week 05\2dae01_engine_beaufays_jarne\minigin\x64\release\minigin.pch
d:\school\school\2019-20\programming 4\week 05\2dae01_engine_beaufays_jarne\minigin\x64\release\minigin.pdb
d:\school\school\2019-20\programming 4\week 05\2dae01_engine_beaufays_jarne\minigin\x64\release\miniginpch.obj
d:\school\school\2019-20\programming 4\week 05\2dae01_engine_beaufays_jarne\minigin\x64\release\scene.obj
d:\school\school\2019-20\programming 4\week 05\2dae01_engine_beaufays_jarne\minigin\x64\release\rigidbody2d.obj
d:\school\school\2019-20\programming 4\week 05\2dae01_engine_beaufays_jarne\minigin\x64\release\resourcemanager.obj
d:\school\school\2019-20\programming 4\week 05\2dae01_engine_beaufays_jarne\minigin\x64\release\renderer.obj
d:\school\school\2019-20\programming 4\week 05\2dae01_engine_beaufays_jarne\minigin\x64\release\observer.obj
d:\school\school\2019-20\programming 4\week 05\2dae01_engine_beaufays_jarne\minigin\x64\release\objectcomponent.obj
d:\school\school\2019-20\programming 4\week 05\2dae01_engine_beaufays_jarne\minigin\x64\release\minigin.obj
d:\school\school\2019-20\programming 4\week 05\2dae01_engine_beaufays_jarne\minigin\x64\release\localtransform.obj
d:\school\school\2019-20\programming 4\week 05\2dae01_engine_beaufays_jarne\minigin\x64\release\inputmanager.obj
d:\school\school\2019-20\programming 4\week 05\2dae01_engine_beaufays_jarne\minigin\x64\release\imagecomponent.obj
d:\school\school\2019-20\programming 4\week 05\2dae01_engine_beaufays_jarne\minigin\x64\release\gameobject.obj
d:\school\school\2019-20\programming 4\week 05\2dae01_engine_beaufays_jarne\minigin\x64\release\font.obj
d:\school\school\2019-20\programming 4\week 05\2dae01_engine_beaufays_jarne\minigin\x64\release\command.obj
d:\school\school\2019-20\programming 4\week 05\2dae01_engine_beaufays_jarne\minigin\x64\release\collisionmanager.obj
d:\school\school\2019-20\programming 4\week 05\2dae01_engine_beaufays_jarne\minigin\x64\release\collisiondata.obj
d:\school\school\2019-20\programming 4\week 05\2dae01_engine_beaufays_jarne\minigin\x64\release\button.obj
d:\school\school\2019-20\programming 4\week 05\2dae01_engine_beaufays_jarne\minigin\x64\release\boxtrigger.obj
d:\school\school\2019-20\programming 4\week 05\2dae01_engine_beaufays_jarne\minigin\x64\release\boxcollider.obj
d:\school\school\2019-20\programming 4\week 05\2dae01_engine_beaufays_jarne\minigin\x64\release\audiomanager.obj
d:\school\school\2019-20\programming 4\week 05\2dae01_engine_beaufays_jarne\minigin\x64\release\animatorcomponent.obj
d:\school\school\2019-20\programming 4\week 05\2dae01_engine_beaufays_jarne\minigin\x64\release\transform.obj
d:\school\school\2019-20\programming 4\week 05\2dae01_engine_beaufays_jarne\minigin\x64\release\time.obj
d:\school\school\2019-20\programming 4\week 05\2dae01_engine_beaufays_jarne\minigin\x64\release\texture2d.obj
d:\school\school\2019-20\programming 4\week 05\2dae01_engine_beaufays_jarne\minigin\x64\release\textobject.obj
d:\school\school\2019-20\programming 4\week 05\2dae01_engine_beaufays_jarne\minigin\x64\release\textcomponent.obj
d:\school\school\2019-20\programming 4\week 05\2dae01_engine_beaufays_jarne\minigin\x64\release\tagcomponent.obj
d:\school\school\2019-20\programming 4\week 05\2dae01_engine_beaufays_jarne\minigin\x64\release\statemachinecomponent.obj
d:\school\school\2019-20\programming 4\week 05\2dae01_engine_beaufays_jarne\minigin\x64\release\spritecomponent.obj
d:\school\school\2019-20\programming 4\week 05\2dae01_engine_beaufays_jarne\minigin\x64\release\soundeffect.obj
d:\school\school\2019-20\programming 4\week 05\2dae01_engine_beaufays_jarne\minigin\x64\release\song.obj
d:\school\school\2019-20\programming 4\week 05\2dae01_engine_beaufays_jarne\minigin\x64\release\singleton.obj
d:\school\school\2019-20\programming 4\week 05\2dae01_engine_beaufays_jarne\minigin\x64\release\scenemanager.obj
d:\school\school\2019-20\programming 4\week 05\2dae01_engine_beaufays_jarne\x64\release\minigin.lib
d:\school\school\2019-20\programming 4\week 05\2dae01_engine_beaufays_jarne\minigin\x64\release\minigin.tlog\cl.command.1.tlog
d:\school\school\2019-20\programming 4\week 05\2dae01_engine_beaufays_jarne\minigin\x64\release\minigin.tlog\cl.read.1.tlog
d:\school\school\2019-20\programming 4\week 05\2dae01_engine_beaufays_jarne\minigin\x64\release\minigin.tlog\cl.write.1.tlog
d:\school\school\2019-20\programming 4\week 05\2dae01_engine_beaufays_jarne\minigin\x64\release\minigin.tlog\lib-link.read.1.tlog
d:\school\school\2019-20\programming 4\week 05\2dae01_engine_beaufays_jarne\minigin\x64\release\minigin.tlog\lib-link.write.1.tlog
d:\school\school\2019-20\programming 4\week 05\2dae01_engine_beaufays_jarne\minigin\x64\release\minigin.tlog\lib.command.1.tlog
