  MiniginPCH.cpp
  AnimatorComponent.cpp
  AudioManager.cpp
  BoxCollider.cpp
  BoxTrigger.cpp
  Button.cpp
  CollisionData.cpp
  CollisionManager.cpp
  Command.cpp
  Font.cpp
  GameObject.cpp
  ImageComponent.cpp
  InputManager.cpp
  LocalTransform.cpp
  Minigin.cpp
  ObjectComponent.cpp
  Observer.cpp
  Renderer.cpp
  ResourceManager.cpp
  RigidBody2D.cpp
  Scene.cpp
  Compiling...
  SceneManager.cpp
  Singleton.cpp
  Song.cpp
  SoundEffect.cpp
  SpriteComponent.cpp
  StateMachineComponent.cpp
  TagComponent.cpp
  TextComponent.cpp
  TextObject.cpp
  Texture2D.cpp
  Time.cpp
  Transform.cpp
  Minigin.vcxproj -> D:\School\School\2019-20\Programming 4\Week 05\2DAE01_Engine_Beaufays_Jarne\x64\Release\Minigin.lib
  0 File(s) copied
  0 File(s) copied
  0 File(s) copied
  0 File(s) copied
