d:\school\school\2019-20\programming 4\week 05\2dae01_engine_beaufays_jarne\minigin\x64\debug\minigin.pch
d:\school\school\2019-20\programming 4\week 05\2dae01_engine_beaufays_jarne\minigin\x64\debug\minigin.pdb
d:\school\school\2019-20\programming 4\week 05\2dae01_engine_beaufays_jarne\minigin\x64\debug\minigin.idb
d:\school\school\2019-20\programming 4\week 05\2dae01_engine_beaufays_jarne\minigin\x64\debug\miniginpch.obj
d:\school\school\2019-20\programming 4\week 05\2dae01_engine_beaufays_jarne\minigin\x64\debug\scene.obj
d:\school\school\2019-20\programming 4\week 05\2dae01_engine_beaufays_jarne\minigin\x64\debug\resourcemanager.obj
d:\school\school\2019-20\programming 4\week 05\2dae01_engine_beaufays_jarne\minigin\x64\debug\renderer.obj
d:\school\school\2019-20\programming 4\week 05\2dae01_engine_beaufays_jarne\minigin\x64\debug\localtransform.obj
d:\school\school\2019-20\programming 4\week 05\2dae01_engine_beaufays_jarne\minigin\x64\debug\inputmanager.obj
d:\school\school\2019-20\programming 4\week 05\2dae01_engine_beaufays_jarne\minigin\x64\debug\font.obj
d:\school\school\2019-20\programming 4\week 05\2dae01_engine_beaufays_jarne\minigin\x64\debug\command.obj
d:\school\school\2019-20\programming 4\week 05\2dae01_engine_beaufays_jarne\minigin\x64\debug\button.obj
d:\school\school\2019-20\programming 4\week 05\2dae01_engine_beaufays_jarne\minigin\x64\debug\audioservice.obj
d:\school\school\2019-20\programming 4\week 05\2dae01_engine_beaufays_jarne\minigin\x64\debug\audio.obj
d:\school\school\2019-20\programming 4\week 05\2dae01_engine_beaufays_jarne\minigin\x64\debug\transform.obj
d:\school\school\2019-20\programming 4\week 05\2dae01_engine_beaufays_jarne\minigin\x64\debug\time.obj
d:\school\school\2019-20\programming 4\week 05\2dae01_engine_beaufays_jarne\minigin\x64\debug\texture2d.obj
d:\school\school\2019-20\programming 4\week 05\2dae01_engine_beaufays_jarne\minigin\x64\debug\textobject.obj
d:\school\school\2019-20\programming 4\week 05\2dae01_engine_beaufays_jarne\minigin\x64\debug\singleton.obj
d:\school\school\2019-20\programming 4\week 05\2dae01_engine_beaufays_jarne\minigin\x64\debug\scenemanager.obj
d:\school\school\2019-20\programming 4\week 05\2dae01_engine_beaufays_jarne\minigin\x64\debug\minigin.tlog\cl.command.1.tlog
d:\school\school\2019-20\programming 4\week 05\2dae01_engine_beaufays_jarne\minigin\x64\debug\minigin.tlog\cl.read.1.tlog
d:\school\school\2019-20\programming 4\week 05\2dae01_engine_beaufays_jarne\minigin\x64\debug\minigin.tlog\cl.write.1.tlog
