d:\school\school\2019-20\programming 4\week 05\2dae01_engine_beaufays_jarne\minigin\win32\debug\minigin.pch
d:\school\school\2019-20\programming 4\week 05\2dae01_engine_beaufays_jarne\minigin\win32\debug\minigin.pdb
d:\school\school\2019-20\programming 4\week 05\2dae01_engine_beaufays_jarne\minigin\win32\debug\minigin.idb
d:\school\school\2019-20\programming 4\week 05\2dae01_engine_beaufays_jarne\minigin\win32\debug\miniginpch.obj
d:\school\school\2019-20\programming 4\week 05\2dae01_engine_beaufays_jarne\minigin\win32\debug\scene.obj
d:\school\school\2019-20\programming 4\week 05\2dae01_engine_beaufays_jarne\minigin\win32\debug\rigidbody2d.obj
d:\school\school\2019-20\programming 4\week 05\2dae01_engine_beaufays_jarne\minigin\win32\debug\resourcemanager.obj
d:\school\school\2019-20\programming 4\week 05\2dae01_engine_beaufays_jarne\minigin\win32\debug\renderer.obj
d:\school\school\2019-20\programming 4\week 05\2dae01_engine_beaufays_jarne\minigin\win32\debug\observer.obj
d:\school\school\2019-20\programming 4\week 05\2dae01_engine_beaufays_jarne\minigin\win32\debug\objectcomponent.obj
d:\school\school\2019-20\programming 4\week 05\2dae01_engine_beaufays_jarne\minigin\win32\debug\minigin.obj
d:\school\school\2019-20\programming 4\week 05\2dae01_engine_beaufays_jarne\minigin\win32\debug\localtransform.obj
d:\school\school\2019-20\programming 4\week 05\2dae01_engine_beaufays_jarne\minigin\win32\debug\inputmanager.obj
d:\school\school\2019-20\programming 4\week 05\2dae01_engine_beaufays_jarne\minigin\win32\debug\imagecomponent.obj
d:\school\school\2019-20\programming 4\week 05\2dae01_engine_beaufays_jarne\minigin\win32\debug\gameobject.obj
d:\school\school\2019-20\programming 4\week 05\2dae01_engine_beaufays_jarne\minigin\win32\debug\font.obj
d:\school\school\2019-20\programming 4\week 05\2dae01_engine_beaufays_jarne\minigin\win32\debug\command.obj
d:\school\school\2019-20\programming 4\week 05\2dae01_engine_beaufays_jarne\minigin\win32\debug\collisionmanager.obj
d:\school\school\2019-20\programming 4\week 05\2dae01_engine_beaufays_jarne\minigin\win32\debug\collisiondata.obj
d:\school\school\2019-20\programming 4\week 05\2dae01_engine_beaufays_jarne\minigin\win32\debug\button.obj
d:\school\school\2019-20\programming 4\week 05\2dae01_engine_beaufays_jarne\minigin\win32\debug\boxtrigger.obj
d:\school\school\2019-20\programming 4\week 05\2dae01_engine_beaufays_jarne\minigin\win32\debug\boxcollider.obj
d:\school\school\2019-20\programming 4\week 05\2dae01_engine_beaufays_jarne\minigin\win32\debug\audiomanager.obj
d:\school\school\2019-20\programming 4\week 05\2dae01_engine_beaufays_jarne\minigin\win32\debug\animatorcomponent.obj
d:\school\school\2019-20\programming 4\week 05\2dae01_engine_beaufays_jarne\minigin\win32\debug\transform.obj
d:\school\school\2019-20\programming 4\week 05\2dae01_engine_beaufays_jarne\minigin\win32\debug\time.obj
d:\school\school\2019-20\programming 4\week 05\2dae01_engine_beaufays_jarne\minigin\win32\debug\texture2d.obj
d:\school\school\2019-20\programming 4\week 05\2dae01_engine_beaufays_jarne\minigin\win32\debug\textobject.obj
d:\school\school\2019-20\programming 4\week 05\2dae01_engine_beaufays_jarne\minigin\win32\debug\textcomponent.obj
d:\school\school\2019-20\programming 4\week 05\2dae01_engine_beaufays_jarne\minigin\win32\debug\tagcomponent.obj
d:\school\school\2019-20\programming 4\week 05\2dae01_engine_beaufays_jarne\minigin\win32\debug\statemachinecomponent.obj
d:\school\school\2019-20\programming 4\week 05\2dae01_engine_beaufays_jarne\minigin\win32\debug\spritecomponent.obj
d:\school\school\2019-20\programming 4\week 05\2dae01_engine_beaufays_jarne\minigin\win32\debug\soundeffect.obj
d:\school\school\2019-20\programming 4\week 05\2dae01_engine_beaufays_jarne\minigin\win32\debug\song.obj
d:\school\school\2019-20\programming 4\week 05\2dae01_engine_beaufays_jarne\minigin\win32\debug\singleton.obj
d:\school\school\2019-20\programming 4\week 05\2dae01_engine_beaufays_jarne\minigin\win32\debug\scenemanager.obj
d:\school\school\2019-20\programming 4\week 05\2dae01_engine_beaufays_jarne\win32\debug\minigin.lib
d:\school\school\2019-20\programming 4\week 05\2dae01_engine_beaufays_jarne\win32\debug\minigin.pdb
d:\school\school\2019-20\programming 4\week 05\2dae01_engine_beaufays_jarne\minigin\win32\debug\minigin.tlog\cl.command.1.tlog
d:\school\school\2019-20\programming 4\week 05\2dae01_engine_beaufays_jarne\minigin\win32\debug\minigin.tlog\cl.read.1.tlog
d:\school\school\2019-20\programming 4\week 05\2dae01_engine_beaufays_jarne\minigin\win32\debug\minigin.tlog\cl.write.1.tlog
d:\school\school\2019-20\programming 4\week 05\2dae01_engine_beaufays_jarne\minigin\win32\debug\minigin.tlog\lib-link.read.1.tlog
d:\school\school\2019-20\programming 4\week 05\2dae01_engine_beaufays_jarne\minigin\win32\debug\minigin.tlog\lib-link.write.1.tlog
d:\school\school\2019-20\programming 4\week 05\2dae01_engine_beaufays_jarne\minigin\win32\debug\minigin.tlog\lib.command.1.tlog
