d:\school\school\2019-20\programming 4\week 05\2dae01_engine_beaufays_jarne\bubblebobble\debug\vc142.pdb
d:\school\school\2019-20\programming 4\week 05\2dae01_engine_beaufays_jarne\bubblebobble\debug\vc142.idb
d:\school\school\2019-20\programming 4\week 05\2dae01_engine_beaufays_jarne\bubblebobble\debug\main.obj
d:\school\school\2019-20\programming 4\week 05\2dae01_engine_beaufays_jarne\bubblebobble\debug\wall.obj
d:\school\school\2019-20\programming 4\week 05\2dae01_engine_beaufays_jarne\bubblebobble\debug\ground.obj
d:\school\school\2019-20\programming 4\week 05\2dae01_engine_beaufays_jarne\bubblebobble\debug\game.obj
d:\school\school\2019-20\programming 4\week 05\2dae01_engine_beaufays_jarne\bubblebobble\debug\backgroundimage.obj
d:\school\school\2019-20\programming 4\week 05\2dae01_engine_beaufays_jarne\bubblebobble\debug\player.obj
d:\school\school\2019-20\programming 4\week 05\2dae01_engine_beaufays_jarne\bubblebobble\debug\enemy.obj
d:\school\school\2019-20\programming 4\week 05\2dae01_engine_beaufays_jarne\bubblebobble\debug\bubblebullet.obj
d:\school\school\2019-20\programming 4\week 05\2dae01_engine_beaufays_jarne\bubblebobble\debug\box.obj
d:\school\school\2019-20\programming 4\week 05\2dae01_engine_beaufays_jarne\bubblebobble\debug\scenetimer.obj
d:\school\school\2019-20\programming 4\week 05\2dae01_engine_beaufays_jarne\bubblebobble\debug\highscore.obj
d:\school\school\2019-20\programming 4\week 05\2dae01_engine_beaufays_jarne\bubblebobble\debug\healthcomponent.obj
d:\school\school\2019-20\programming 4\week 05\2dae01_engine_beaufays_jarne\bubblebobble\debug\gameinfo.obj
d:\school\school\2019-20\programming 4\week 05\2dae01_engine_beaufays_jarne\bubblebobble\debug\enemymanager.obj
d:\school\school\2019-20\programming 4\week 05\2dae01_engine_beaufays_jarne\win32\debug\bubblebobble.exe
d:\school\school\2019-20\programming 4\week 05\2dae01_engine_beaufays_jarne\win32\debug\bubblebobble.ilk
d:\school\school\2019-20\programming 4\week 05\2dae01_engine_beaufays_jarne\win32\debug\bubblebobble.pdb
d:\school\school\2019-20\programming 4\week 05\2dae01_engine_beaufays_jarne\bubblebobble\debug\bubblebobble.tlog\cl.command.1.tlog
d:\school\school\2019-20\programming 4\week 05\2dae01_engine_beaufays_jarne\bubblebobble\debug\bubblebobble.tlog\cl.read.1.tlog
d:\school\school\2019-20\programming 4\week 05\2dae01_engine_beaufays_jarne\bubblebobble\debug\bubblebobble.tlog\cl.write.1.tlog
d:\school\school\2019-20\programming 4\week 05\2dae01_engine_beaufays_jarne\bubblebobble\debug\bubblebobble.tlog\link.21112.delete.1.tlog
d:\school\school\2019-20\programming 4\week 05\2dae01_engine_beaufays_jarne\bubblebobble\debug\bubblebobble.tlog\link.26644.delete.1.tlog
d:\school\school\2019-20\programming 4\week 05\2dae01_engine_beaufays_jarne\bubblebobble\debug\bubblebobble.tlog\link.27180.delete.1.tlog
d:\school\school\2019-20\programming 4\week 05\2dae01_engine_beaufays_jarne\bubblebobble\debug\bubblebobble.tlog\link.30348.delete.1.tlog
d:\school\school\2019-20\programming 4\week 05\2dae01_engine_beaufays_jarne\bubblebobble\debug\bubblebobble.tlog\link.command.1.tlog
d:\school\school\2019-20\programming 4\week 05\2dae01_engine_beaufays_jarne\bubblebobble\debug\bubblebobble.tlog\link.delete.1.tlog
d:\school\school\2019-20\programming 4\week 05\2dae01_engine_beaufays_jarne\bubblebobble\debug\bubblebobble.tlog\link.read.1.tlog
d:\school\school\2019-20\programming 4\week 05\2dae01_engine_beaufays_jarne\bubblebobble\debug\bubblebobble.tlog\link.write.1.tlog
