  BackgroundImage.cpp
  Box.cpp
D:\School\School\2019-20\Programming 4\Week 05\BubbleBobble\Box.cpp(49,22): warning C4244: '=': conversion from 'float' to 'int', possible loss of data
D:\School\School\2019-20\Programming 4\Week 05\BubbleBobble\Box.cpp(50,22): warning C4244: '=': conversion from 'float' to 'int', possible loss of data
D:\School\School\2019-20\Programming 4\Week 05\BubbleBobble\Box.cpp(51,15): warning C4244: '=': conversion from 'const float' to 'int', possible loss of data
  Game.cpp
  main.cpp
  Player.cpp
D:\School\School\2019-20\Programming 4\Week 05\BubbleBobble\Box.cpp(52,15): warning C4244: '=': conversion from 'const float' to 'int', possible loss of data
D:\School\School\2019-20\Programming 4\Week 05\BubbleBobble\Player.cpp(52,22): warning C4244: '=': conversion from 'float' to 'int', possible loss of data
D:\School\School\2019-20\Programming 4\Week 05\BubbleBobble\Player.cpp(53,22): warning C4244: '=': conversion from 'float' to 'int', possible loss of data
D:\School\School\2019-20\Programming 4\Week 05\BubbleBobble\Player.cpp(54,15): warning C4244: '=': conversion from 'const float' to 'int', possible loss of data
  TextManager.cpp
  Wall.cpp
D:\School\School\2019-20\Programming 4\Week 05\BubbleBobble\Player.cpp(55,15): warning C4244: '=': conversion from 'const float' to 'int', possible loss of data
D:\School\School\2019-20\Programming 4\Week 05\BubbleBobble\Wall.cpp(47,22): warning C4244: '=': conversion from 'float' to 'int', possible loss of data
D:\School\School\2019-20\Programming 4\Week 05\BubbleBobble\Wall.cpp(48,22): warning C4244: '=': conversion from 'float' to 'int', possible loss of data
D:\School\School\2019-20\Programming 4\Week 05\BubbleBobble\Wall.cpp(49,15): warning C4244: '=': conversion from 'const float' to 'int', possible loss of data
  Generating Code...
D:\School\School\2019-20\Programming 4\Week 05\BubbleBobble\Wall.cpp(50,15): warning C4244: '=': conversion from 'const float' to 'int', possible loss of data
  BubbleBobble.vcxproj -> D:\School\School\2019-20\Programming 4\Week 05\Debug\BubbleBobble.exe
